0 info it worked if it ends with ok
1 verbose cli [ 'E:\\node\\node.exe',
1 verbose cli   'E:\\node\\node_modules\\npm\\bin\\npm-cli.js',
1 verbose cli   'view' ]
2 info using npm@2.15.8
3 info using node@v4.4.7
4 silly mapToRegistry name mega-workout
5 silly mapToRegistry using default registry
6 silly mapToRegistry registry https://registry.npmjs.org/
7 silly mapToRegistry data Result {
7 silly mapToRegistry   raw: 'mega-workout',
7 silly mapToRegistry   scope: null,
7 silly mapToRegistry   name: 'mega-workout',
7 silly mapToRegistry   rawSpec: '',
7 silly mapToRegistry   spec: 'latest',
7 silly mapToRegistry   type: 'tag' }
8 silly mapToRegistry uri https://registry.npmjs.org/mega-workout
9 verbose request uri https://registry.npmjs.org/mega-workout
10 verbose request no auth needed
11 info attempt registry request try #1 at 22:45:38
12 verbose request id e47b5fc1c6b5429f
13 http request GET https://registry.npmjs.org/mega-workout
14 http 404 https://registry.npmjs.org/mega-workout
15 verbose headers { 'content-type': 'application/json',
15 verbose headers   'cache-control': 'max-age=0',
15 verbose headers   'content-length': '2',
15 verbose headers   'accept-ranges': 'bytes',
15 verbose headers   date: 'Fri, 17 Feb 2017 21:45:31 GMT',
15 verbose headers   via: '1.1 varnish',
15 verbose headers   age: '0',
15 verbose headers   connection: 'keep-alive',
15 verbose headers   'x-served-by': 'cache-bma7035-BMA',
15 verbose headers   'x-cache': 'MISS',
15 verbose headers   'x-cache-hits': '0',
15 verbose headers   'x-timer': 'S1487367930.820627,VS0,VE516',
15 verbose headers   vary: 'Accept-Encoding' }
16 silly get cb [ 404,
16 silly get   { 'content-type': 'application/json',
16 silly get     'cache-control': 'max-age=0',
16 silly get     'content-length': '2',
16 silly get     'accept-ranges': 'bytes',
16 silly get     date: 'Fri, 17 Feb 2017 21:45:31 GMT',
16 silly get     via: '1.1 varnish',
16 silly get     age: '0',
16 silly get     connection: 'keep-alive',
16 silly get     'x-served-by': 'cache-bma7035-BMA',
16 silly get     'x-cache': 'MISS',
16 silly get     'x-cache-hits': '0',
16 silly get     'x-timer': 'S1487367930.820627,VS0,VE516',
16 silly get     vary: 'Accept-Encoding' } ]
17 verbose stack Error: Registry returned 404 for GET on https://registry.npmjs.org/mega-workout
17 verbose stack     at makeError (E:\node\node_modules\npm\node_modules\npm-registry-client\lib\request.js:264:12)
17 verbose stack     at CachingRegistryClient.<anonymous> (E:\node\node_modules\npm\node_modules\npm-registry-client\lib\request.js:242:14)
17 verbose stack     at Request._callback (E:\node\node_modules\npm\node_modules\npm-registry-client\lib\request.js:172:14)
17 verbose stack     at Request.self.callback (E:\node\node_modules\npm\node_modules\request\request.js:200:22)
17 verbose stack     at emitTwo (events.js:87:13)
17 verbose stack     at Request.emit (events.js:172:7)
17 verbose stack     at Request.<anonymous> (E:\node\node_modules\npm\node_modules\request\request.js:1067:10)
17 verbose stack     at emitOne (events.js:82:20)
17 verbose stack     at Request.emit (events.js:169:7)
17 verbose stack     at IncomingMessage.<anonymous> (E:\node\node_modules\npm\node_modules\request\request.js:988:12)
18 verbose statusCode 404
19 verbose pkgid mega-workout
20 verbose cwd C:\users\henrik\desktop\mega-workout
21 error Windows_NT 10.0.10586
22 error argv "E:\\node\\node.exe" "E:\\node\\node_modules\\npm\\bin\\npm-cli.js" "view"
23 error node v4.4.7
24 error npm  v2.15.8
25 error code E404
26 error 404 Registry returned 404 for GET on https://registry.npmjs.org/mega-workout
26 error 404
26 error 404 'mega-workout' is not in the npm registry.
26 error 404 You should bug the author to publish it (or use the name yourself!)
26 error 404
26 error 404 Note that you can also install from a
26 error 404 tarball, folder, http url, or git url.
27 verbose exit [ 1, true ]
